<?xml version="1.0" encoding="UTF-8"?>
<!-- Generated by org.testng.reporters.JUnitXMLReporter -->
<testsuite hostname="LAPTOP-21DG8V1G" ignored="0" name="full" tests="1" failures="1" timestamp="26 Aug 2018 15:55:51 GMT" time="112.902" errors="0">
  <testcase name="launchApplication" time="85.877" classname="appiumEcomDemo.AppiumDriverTest">
    <failure type="junit.framework.ComparisonFailure" message="expected:&amp;lt;[We need the information to secure your payment.]&amp;gt; but was:&amp;lt;[Order placed successfully]&amp;gt;">
      <![CDATA[junit.framework.ComparisonFailure: expected:<[We need the information to secure your payment.]> but was:<[Order placed successfully]>
at junit.framework.Assert.assertEquals(Assert.java:100)
at junit.framework.Assert.assertEquals(Assert.java:107)
at appiumEcomDemo.AppiumDriverTest.launchApplication(AppiumDriverTest.java:177)
... Removed 29 stack frames]]>
    </failure>
  </testcase> <!-- launchApplication -->
</testsuite> <!-- full -->
