<?xml version="1.0" encoding="UTF-8"?>
<testng-results skipped="0" failed="1" ignored="0" total="1" passed="0">
  <reporter-output>
  </reporter-output>
  <suite name="test" duration-ms="112902" started-at="2018-08-26T15:53:58Z" finished-at="2018-08-26T15:55:51Z">
    <groups>
    </groups>
    <test name="full" duration-ms="112902" started-at="2018-08-26T15:53:58Z" finished-at="2018-08-26T15:55:51Z">
      <class name="appiumEcomDemo.AppiumDriverTest">
        <test-method status="PASS" signature="createAppiumDriver()[pri:0, instance:appiumEcomDemo.AppiumDriverTest@74650e52]" name="createAppiumDriver" is-config="true" duration-ms="23213" started-at="2018-08-26T15:53:58Z" finished-at="2018-08-26T15:54:21Z">
          <reporter-output>
          </reporter-output>
        </test-method> <!-- createAppiumDriver -->
        <test-method status="FAIL" signature="launchApplication()[pri:0, instance:appiumEcomDemo.AppiumDriverTest@74650e52]" name="launchApplication" duration-ms="85877" started-at="2018-08-26T15:54:21Z" finished-at="2018-08-26T15:55:47Z">
          <exception class="junit.framework.ComparisonFailure">
            <message>
              <![CDATA[expected:<[We need the information to secure your payment.]> but was:<[Order placed successfully]>]]>
            </message>
            <full-stacktrace>
              <![CDATA[junit.framework.ComparisonFailure: expected:<[We need the information to secure your payment.]> but was:<[Order placed successfully]>
at junit.framework.Assert.assertEquals(Assert.java:100)
at junit.framework.Assert.assertEquals(Assert.java:107)
at appiumEcomDemo.AppiumDriverTest.launchApplication(AppiumDriverTest.java:177)
at sun.reflect.NativeMethodAccessorImpl.invoke0(Native Method)
at sun.reflect.NativeMethodAccessorImpl.invoke(NativeMethodAccessorImpl.java:62)
at sun.reflect.DelegatingMethodAccessorImpl.invoke(DelegatingMethodAccessorImpl.java:43)
at java.lang.reflect.Method.invoke(Method.java:498)
at org.testng.internal.MethodInvocationHelper.invokeMethod(MethodInvocationHelper.java:124)
at org.testng.internal.Invoker.invokeMethod(Invoker.java:583)
at org.testng.internal.Invoker.invokeTestMethod(Invoker.java:719)
at org.testng.internal.Invoker.invokeTestMethods(Invoker.java:989)
at org.testng.internal.TestMethodWorker.invokeTestMethods(TestMethodWorker.java:125)
at org.testng.internal.TestMethodWorker.run(TestMethodWorker.java:109)
at org.testng.TestRunner.privateRun(TestRunner.java:648)
at org.testng.TestRunner.run(TestRunner.java:505)
at org.testng.SuiteRunner.runTest(SuiteRunner.java:455)
at org.testng.SuiteRunner.runSequentially(SuiteRunner.java:450)
at org.testng.SuiteRunner.privateRun(SuiteRunner.java:415)
at org.testng.SuiteRunner.run(SuiteRunner.java:364)
at org.testng.SuiteRunnerWorker.runSuite(SuiteRunnerWorker.java:52)
at org.testng.SuiteRunnerWorker.run(SuiteRunnerWorker.java:84)
at org.testng.TestNG.runSuitesSequentially(TestNG.java:1208)
at org.testng.TestNG.runSuitesLocally(TestNG.java:1137)
at org.testng.TestNG.runSuites(TestNG.java:1049)
at org.testng.TestNG.run(TestNG.java:1017)
at org.apache.maven.surefire.testng.TestNGExecutor.run(TestNGExecutor.java:283)
at org.apache.maven.surefire.testng.TestNGXmlTestSuite.execute(TestNGXmlTestSuite.java:75)
at org.apache.maven.surefire.testng.TestNGProvider.invoke(TestNGProvider.java:120)
at org.apache.maven.surefire.booter.ForkedBooter.invokeProviderInSameClassLoader(ForkedBooter.java:379)
at org.apache.maven.surefire.booter.ForkedBooter.runSuitesInProcess(ForkedBooter.java:340)
at org.apache.maven.surefire.booter.ForkedBooter.execute(ForkedBooter.java:125)
at org.apache.maven.surefire.booter.ForkedBooter.main(ForkedBooter.java:413)
]]>
            </full-stacktrace>
          </exception> <!-- junit.framework.ComparisonFailure -->
          <reporter-output>
          </reporter-output>
        </test-method> <!-- launchApplication -->
        <test-method status="PASS" signature="endSetup()[pri:0, instance:appiumEcomDemo.AppiumDriverTest@74650e52]" name="endSetup" is-config="true" duration-ms="3778" started-at="2018-08-26T15:55:47Z" finished-at="2018-08-26T15:55:51Z">
          <reporter-output>
          </reporter-output>
        </test-method> <!-- endSetup -->
      </class> <!-- appiumEcomDemo.AppiumDriverTest -->
    </test> <!-- full -->
  </suite> <!-- test -->
</testng-results>
